[2m2022-11-07T14:02:53.224482Z[0m [32m INFO[0m [2mstacks_network::chains_coordinator[0m[2m:[0m Checking contracts...
[2m2022-11-07T14:02:53.245726Z[0m [32m INFO[0m [2mstacks_network[0m[2m:[0m Starting Devnet...
[2m2022-11-07T14:02:53.246337Z[0m [32m INFO[0m [2mchainhook_event_observer::observer[0m[2m:[0m Event observer starting with config EventObserverConfig { normalization_enabled: true, grpc_server_enabled: false, hooks_enabled: true, initial_hook_formation: Some(HookFormation { stacks_chainhooks: [], bitcoin_chainhooks: [] }), bitcoin_rpc_proxy_enabled: true, event_handlers: [], ingestion_port: 20445, control_port: 20446, bitcoin_node_username: "devnet", bitcoin_node_password: "devnet", bitcoin_node_rpc_host: "http://localhost", bitcoin_node_rpc_port: 18443, stacks_node_rpc_host: "http://localhost", stacks_node_rpc_port: 20443, operators: {}, display_logs: true }    
[2m2022-11-07T14:02:53.247994Z[0m [32m INFO[0m [2mstacks_network::ui::app[0m[2m:[0m Initiating Devnet boot sequence (working_dir: /home/david/src/nft-paper/contracts/.cache/stacks-devnet-1667829772)
[2m2022-11-07T14:02:53.248444Z[0m [32m INFO[0m [2mrocket::launch[0m[2m:[0m 🔧 Configured for release.    
[2m2022-11-07T14:02:53.248453Z[0m [32m INFO[0m [2mrocket::launch_[0m[2m:[0m address: [1;49;39m0.0.0.0[0m    
[2m2022-11-07T14:02:53.248471Z[0m [32m INFO[0m [2mrocket::launch_[0m[2m:[0m port: [1;49;39m20445[0m    
[2m2022-11-07T14:02:53.248472Z[0m [32m INFO[0m [2mrocket::launch_[0m[2m:[0m workers: [1;49;39m3[0m    
[2m2022-11-07T14:02:53.248474Z[0m [32m INFO[0m [2mrocket::launch_[0m[2m:[0m ident: [1;49;39mRocket[0m    
[2m2022-11-07T14:02:53.248476Z[0m [32m INFO[0m [2mrocket::launch_[0m[2m:[0m limits: [1;49;39mbytes = 8KiB, data-form = 2MiB, file = 1MiB, form = 32KiB, json = 4MB, msgpack = 1MiB, string = 8KiB[0m    
[2m2022-11-07T14:02:53.248480Z[0m [32m INFO[0m [2mrocket::launch_[0m[2m:[0m temp dir: [1;49;39m/tmp[0m    
[2m2022-11-07T14:02:53.248482Z[0m [32m INFO[0m [2mrocket::launch_[0m[2m:[0m http/2: [1;49;39mtrue[0m    
[2m2022-11-07T14:02:53.248484Z[0m [32m INFO[0m [2mrocket::launch_[0m[2m:[0m keep-alive: [1;49;39m5[0m[1;49;39ms[0m    
[2m2022-11-07T14:02:53.248486Z[0m [32m INFO[0m [2mrocket::launch_[0m[2m:[0m tls: [1;49;39mdisabled[0m    
[2m2022-11-07T14:02:53.248487Z[0m [32m INFO[0m [2mrocket::launch_[0m[2m:[0m shutdown: [1;49;39mctrlc = true, force = true, signals = [SIGTERM], grace = 2s, mercy = 3s[0m    
[2m2022-11-07T14:02:53.248490Z[0m [32m INFO[0m [2mrocket::launch_[0m[2m:[0m log level: [1;49;39mcritical[0m    
[2m2022-11-07T14:02:53.248491Z[0m [32m INFO[0m [2mrocket::launch_[0m[2m:[0m cli colors: [1;49;39mtrue[0m    
[2m2022-11-07T14:02:53.248506Z[0m [32m INFO[0m [2mrocket::launch[0m[2m:[0m 📬 [35mRoutes[0m:    
[2m2022-11-07T14:02:53.248514Z[0m [32m INFO[0m [2mrocket::launch_[0m[2m:[0m [36m([0m[37mhandle_bitcoin_rpc_call[0m[36m)[0m [32mPOST[0m [34m/[0m [33mapplication/json[0m    
[2m2022-11-07T14:02:53.248518Z[0m [32m INFO[0m [2mrocket::launch_[0m[2m:[0m [36m([0m[37mhandle_ping[0m[36m)[0m [32mGET[0m [34m/ping[0m [33mapplication/json[0m    
[2m2022-11-07T14:02:53.248520Z[0m [32m INFO[0m [2mrocket::launch_[0m[2m:[0m [36m([0m[37mhandle_new_stacks_block[0m[36m)[0m [32mPOST[0m [34m/new_block[0m [33mapplication/json[0m    
[2m2022-11-07T14:02:53.248522Z[0m [32m INFO[0m [2mrocket::launch_[0m[2m:[0m [36m([0m[37mhandle_new_bitcoin_block[0m[36m)[0m [32mPOST[0m [34m/new_burn_block[0m [33mapplication/json[0m    
[2m2022-11-07T14:02:53.248524Z[0m [32m INFO[0m [2mrocket::launch_[0m[2m:[0m [36m([0m[37mhandle_new_mempool_tx[0m[36m)[0m [32mPOST[0m [34m/new_mempool_tx[0m [33mapplication/json[0m    
[2m2022-11-07T14:02:53.248526Z[0m [32m INFO[0m [2mrocket::launch_[0m[2m:[0m [36m([0m[37mhandle_new_microblocks[0m[36m)[0m [32mPOST[0m [34m/new_microblocks[0m [33mapplication/json[0m    
[2m2022-11-07T14:02:53.248528Z[0m [32m INFO[0m [2mrocket::launch_[0m[2m:[0m [36m([0m[37mhandle_drop_mempool_tx[0m[36m)[0m [32mPOST[0m [34m/drop_mempool_tx[0m [33mapplication/json[0m    
[2m2022-11-07T14:02:53.248530Z[0m [32m INFO[0m [2mrocket::launch_[0m[2m:[0m [36m([0m[37mhandle_new_attachement[0m[36m)[0m [32mPOST[0m [34m/attachments/new[0m [33mapplication/json[0m    
[2m2022-11-07T14:02:53.248534Z[0m [32m INFO[0m [2mrocket::launch[0m[2m:[0m 📡 [35mFairings[0m:    
[2m2022-11-07T14:02:53.248536Z[0m [32m INFO[0m [2mrocket::launch_[0m[2m:[0m [1;49;39mShield[0m ([1;34mliftoff, response, singleton[0m)    
[2m2022-11-07T14:02:53.248592Z[0m [32m INFO[0m [2mrocket::shield::shield[0m[2m:[0m 🛡️ [35mShield[0m:    
[2m2022-11-07T14:02:53.248594Z[0m [32m INFO[0m [2m_[0m[2m:[0m X-Content-Type-Options: [49;39mnosniff[0m    
[2m2022-11-07T14:02:53.248596Z[0m [32m INFO[0m [2m_[0m[2m:[0m X-Frame-Options: [49;39mSAMEORIGIN[0m    
[2m2022-11-07T14:02:53.248597Z[0m [32m INFO[0m [2m_[0m[2m:[0m Permissions-Policy: [49;39minterest-cohort=()[0m    
[2m2022-11-07T14:02:53.248607Z[0m [32m INFO[0m [2mrocket::launch[0m[2m:[0m 🚀 [1;49;39mRocket has launched from[0m [1;4;49;39mhttp://0.0.0.0:20445[0m    
[2m2022-11-07T14:02:53.249508Z[0m [32m INFO[0m [2mstacks_network::ui::app[0m[2m:[0m Creating network das-on-stacks-contracts.devnet
[2m2022-11-07T14:02:53.250061Z[0m [32m INFO[0m [2mrocket::launch[0m[2m:[0m 🔧 Configured for release.    
[2m2022-11-07T14:02:53.250071Z[0m [32m INFO[0m [2mrocket::launch_[0m[2m:[0m address: [1;49;39m0.0.0.0[0m    
[2m2022-11-07T14:02:53.250074Z[0m [32m INFO[0m [2mrocket::launch_[0m[2m:[0m port: [1;49;39m20446[0m    
[2m2022-11-07T14:02:53.250076Z[0m [32m INFO[0m [2mrocket::launch_[0m[2m:[0m workers: [1;49;39m1[0m    
[2m2022-11-07T14:02:53.250078Z[0m [32m INFO[0m [2mrocket::launch_[0m[2m:[0m ident: [1;49;39mRocket[0m    
[2m2022-11-07T14:02:53.250079Z[0m [32m INFO[0m [2mrocket::launch_[0m[2m:[0m limits: [1;49;39mbytes = 8KiB, data-form = 2MiB, file = 1MiB, form = 32KiB, json = 1MiB, msgpack = 1MiB, string = 8KiB[0m    
[2m2022-11-07T14:02:53.250083Z[0m [32m INFO[0m [2mrocket::launch_[0m[2m:[0m temp dir: [1;49;39m/tmp[0m    
[2m2022-11-07T14:02:53.250085Z[0m [32m INFO[0m [2mrocket::launch_[0m[2m:[0m http/2: [1;49;39mtrue[0m    
[2m2022-11-07T14:02:53.250087Z[0m [32m INFO[0m [2mrocket::launch_[0m[2m:[0m keep-alive: [1;49;39m5[0m[1;49;39ms[0m    
[2m2022-11-07T14:02:53.250089Z[0m [32m INFO[0m [2mrocket::launch_[0m[2m:[0m tls: [1;49;39mdisabled[0m    
[2m2022-11-07T14:02:53.250090Z[0m [32m INFO[0m [2mrocket::launch_[0m[2m:[0m shutdown: [1;49;39mctrlc = true, force = true, signals = [SIGTERM], grace = 2s, mercy = 3s[0m    
[2m2022-11-07T14:02:53.250093Z[0m [32m INFO[0m [2mrocket::launch_[0m[2m:[0m log level: [1;49;39mcritical[0m    
[2m2022-11-07T14:02:53.250095Z[0m [32m INFO[0m [2mrocket::launch_[0m[2m:[0m cli colors: [1;49;39mtrue[0m    
[2m2022-11-07T14:02:53.250112Z[0m [32m INFO[0m [2mrocket::launch[0m[2m:[0m 📬 [35mRoutes[0m:    
[2m2022-11-07T14:02:53.250119Z[0m [32m INFO[0m [2mrocket::launch_[0m[2m:[0m [36m([0m[37mhandle_ping[0m[36m)[0m [32mGET[0m [34m/ping[0m [33mapplication/json[0m    
[2m2022-11-07T14:02:53.250123Z[0m [32m INFO[0m [2mrocket::launch_[0m[2m:[0m [32mGET[0m [34m/openapi.json[0m    
[2m2022-11-07T14:02:53.250125Z[0m [32m INFO[0m [2mrocket::launch_[0m[2m:[0m [36m([0m[37mhandle_get_hooks[0m[36m)[0m [32mGET[0m [34m/v1/chainhooks[0m [33mapplication/json[0m    
[2m2022-11-07T14:02:53.250127Z[0m [32m INFO[0m [2mrocket::launch_[0m[2m:[0m [36m([0m[37mhandle_create_hook[0m[36m)[0m [32mPOST[0m [34m/v1/chainhooks[0m [33mapplication/json[0m    
[2m2022-11-07T14:02:53.250129Z[0m [32m INFO[0m [2mrocket::launch_[0m[2m:[0m [36m([0m[37mhandle_delete_stacks_hook[0m[36m)[0m [32mDELETE[0m [34m/v1/chainhooks/stacks/<hook_uuid>[0m [33mapplication/json[0m    
[2m2022-11-07T14:02:53.250131Z[0m [32m INFO[0m [2mrocket::launch_[0m[2m:[0m [36m([0m[37mhandle_delete_bitcoin_hook[0m[36m)[0m [32mDELETE[0m [34m/v1/chainhooks/bitcoin/<hook_uuid>[0m [33mapplication/json[0m    
[2m2022-11-07T14:02:53.250134Z[0m [32m INFO[0m [2mrocket::launch[0m[2m:[0m 📡 [35mFairings[0m:    
[2m2022-11-07T14:02:53.250136Z[0m [32m INFO[0m [2mrocket::launch_[0m[2m:[0m [1;49;39mShield[0m ([1;34mliftoff, response, singleton[0m)    
[2m2022-11-07T14:02:53.250203Z[0m [32m INFO[0m [2mrocket::shield::shield[0m[2m:[0m 🛡️ [35mShield[0m:    
[2m2022-11-07T14:02:53.250206Z[0m [32m INFO[0m [2m_[0m[2m:[0m X-Frame-Options: [49;39mSAMEORIGIN[0m    
[2m2022-11-07T14:02:53.250208Z[0m [32m INFO[0m [2m_[0m[2m:[0m X-Content-Type-Options: [49;39mnosniff[0m    
[2m2022-11-07T14:02:53.250209Z[0m [32m INFO[0m [2m_[0m[2m:[0m Permissions-Policy: [49;39minterest-cohort=()[0m    
[2m2022-11-07T14:02:53.250212Z[0m [32m INFO[0m [2mrocket::launch[0m[2m:[0m 🚀 [1;49;39mRocket has launched from[0m [1;4;49;39mhttp://0.0.0.0:20446[0m    
[2m2022-11-07T14:02:53.313198Z[0m [32m INFO[0m [2mstacks_network::ui::app[0m[2m:[0m Starting bitcoin-node
[2m2022-11-07T14:02:54.968509Z[0m [32m INFO[0m [2mstacks_network::orchestrator[0m[2m:[0m Created container bitcoin-node: 1221712e3db5c13dc4dfb9b25f3e7a110ab85f737618bbb45567be37d7babbf5
[2m2022-11-07T14:02:55.469425Z[0m [32m INFO[0m [2mstacks_network::ui::app[0m[2m:[0m Configuring bitcoin-node
[2m2022-11-07T14:02:56.470243Z[0m [32m INFO[0m [2mstacks_network::ui::app[0m[2m:[0m Waiting for bitcoin-node
[2m2022-11-07T14:02:57.620799Z[0m [32m INFO[0m [2mstacks_network::ui::app[0m[2m:[0m Starting postgres
[2m2022-11-07T14:05:44.194504Z[0m [32m INFO[0m [2mstacks_network::orchestrator[0m[2m:[0m Created container postgres: e4dea8a5ef96ebf07da6b9416281e01a2b5c02d649adb3683a4efe265f3ee36e
[2m2022-11-07T14:05:44.643808Z[0m [32m INFO[0m [2mstacks_network::ui::app[0m[2m:[0m Starting stacks-api
[2m2022-11-07T14:06:31.159449Z[0m [33m WARN[0m [2mstacks_network::ui::app[0m[2m:[0m Ctrl+C received, initiating termination sequence.
[2m2022-11-07T14:06:31.159562Z[0m [32m INFO[0m [2mchainhook_event_observer::observer[0m[2m:[0m Handling Termination command    
[2m2022-11-07T14:08:00.667383Z[0m [33m WARN[0m [2mrocket::server[0m[2m:[0m Received SIGINT. Requesting shutdown.    
[2m2022-11-07T14:08:00.667383Z[0m [33m WARN[0m [2mrocket::server[0m[2m:[0m Received SIGINT. Requesting shutdown.    
[2m2022-11-07T14:08:00.667417Z[0m [32m INFO[0m [2mrocket::server[0m[2m:[0m Shutdown requested. Waiting for pending I/O...    
[2m2022-11-07T14:08:00.667444Z[0m [32m INFO[0m [2mrocket::server[0m[2m:[0m Graceful shutdown completed successfully.    
[2m2022-11-07T14:08:00.667448Z[0m [32m INFO[0m [2mrocket::server[0m[2m:[0m Shutdown requested. Waiting for pending I/O...    
[2m2022-11-07T14:08:00.667464Z[0m [32m INFO[0m [2mrocket::server[0m[2m:[0m Graceful shutdown completed successfully.    
[2m2022-11-07T14:15:32.288606Z[0m [32m INFO[0m [2mstacks_network::orchestrator[0m[2m:[0m Created container stacks-api: 8ee8246194c5d854bd07ff0f376173540297658141f2564311f362e17d927d2b
[2m2022-11-07T14:15:34.481251Z[0m [32m INFO[0m [2mstacks_network::orchestrator[0m[2m:[0m Created container stacks-node: 0c5555f77361efa0dcc055ed0e380175fbad59b98e8724a3b611db4afa52f7fe
[2m2022-11-07T14:16:11.480099Z[0m [32m INFO[0m [2mstacks_network::orchestrator[0m[2m:[0m Created container stacks-explorer: dc2d3b4869104e58548875214993b06eece8e74362f81e15148f70479282657c
[2m2022-11-07T14:16:13.600238Z[0m [32m INFO[0m [2mstacks_network::orchestrator[0m[2m:[0m Created container bitcoin-explorer: 3ac41ce5f6c777531f1cdbd9eb0733675aa2acf03901e8ee98145c2efc36685e
