[2m2022-11-07T14:08:57.683052Z[0m [32m INFO[0m [2mstacks_network::chains_coordinator[0m[2m:[0m Checking contracts...
[2m2022-11-07T14:08:57.705680Z[0m [32m INFO[0m [2mstacks_network[0m[2m:[0m Starting Devnet...
[2m2022-11-07T14:08:57.711508Z[0m [32m INFO[0m [2mchainhook_event_observer::observer[0m[2m:[0m Event observer starting with config EventObserverConfig { normalization_enabled: true, grpc_server_enabled: false, hooks_enabled: true, initial_hook_formation: Some(HookFormation { stacks_chainhooks: [], bitcoin_chainhooks: [] }), bitcoin_rpc_proxy_enabled: true, event_handlers: [], ingestion_port: 20445, control_port: 20446, bitcoin_node_username: "devnet", bitcoin_node_password: "devnet", bitcoin_node_rpc_host: "http://localhost", bitcoin_node_rpc_port: 18443, stacks_node_rpc_host: "http://localhost", stacks_node_rpc_port: 20443, operators: {}, display_logs: true }    
[2m2022-11-07T14:08:57.714306Z[0m [32m INFO[0m [2mrocket::launch[0m[2m:[0m 🔧 Configured for release.    
[2m2022-11-07T14:08:57.714401Z[0m [32m INFO[0m [2mrocket::launch_[0m[2m:[0m address: [1;49;39m0.0.0.0[0m    
[2m2022-11-07T14:08:57.714465Z[0m [32m INFO[0m [2mrocket::launch_[0m[2m:[0m port: [1;49;39m20445[0m    
[2m2022-11-07T14:08:57.714525Z[0m [32m INFO[0m [2mrocket::launch_[0m[2m:[0m workers: [1;49;39m3[0m    
[2m2022-11-07T14:08:57.714582Z[0m [32m INFO[0m [2mrocket::launch_[0m[2m:[0m ident: [1;49;39mRocket[0m    
[2m2022-11-07T14:08:57.714639Z[0m [32m INFO[0m [2mrocket::launch_[0m[2m:[0m limits: [1;49;39mbytes = 8KiB, data-form = 2MiB, file = 1MiB, form = 32KiB, json = 4MB, msgpack = 1MiB, string = 8KiB[0m    
[2m2022-11-07T14:08:57.714693Z[0m [32m INFO[0m [2mrocket::launch_[0m[2m:[0m temp dir: [1;49;39m/tmp[0m    
[2m2022-11-07T14:08:57.714752Z[0m [32m INFO[0m [2mrocket::launch_[0m[2m:[0m http/2: [1;49;39mtrue[0m    
[2m2022-11-07T14:08:57.714810Z[0m [32m INFO[0m [2mrocket::launch_[0m[2m:[0m keep-alive: [1;49;39m5[0m[1;49;39ms[0m    
[2m2022-11-07T14:08:57.714867Z[0m [32m INFO[0m [2mrocket::launch_[0m[2m:[0m tls: [1;49;39mdisabled[0m    
[2m2022-11-07T14:08:57.714925Z[0m [32m INFO[0m [2mrocket::launch_[0m[2m:[0m shutdown: [1;49;39mctrlc = true, force = true, signals = [SIGTERM], grace = 2s, mercy = 3s[0m    
[2m2022-11-07T14:08:57.714977Z[0m [32m INFO[0m [2mrocket::launch_[0m[2m:[0m log level: [1;49;39mcritical[0m    
[2m2022-11-07T14:08:57.715034Z[0m [32m INFO[0m [2mrocket::launch_[0m[2m:[0m cli colors: [1;49;39mtrue[0m    
[2m2022-11-07T14:08:57.715105Z[0m [32m INFO[0m [2mrocket::launch[0m[2m:[0m 📬 [35mRoutes[0m:    
[2m2022-11-07T14:08:57.715170Z[0m [32m INFO[0m [2mrocket::launch_[0m[2m:[0m [36m([0m[37mhandle_bitcoin_rpc_call[0m[36m)[0m [32mPOST[0m [34m/[0m [33mapplication/json[0m    
[2m2022-11-07T14:08:57.715231Z[0m [32m INFO[0m [2mrocket::launch_[0m[2m:[0m [36m([0m[37mhandle_ping[0m[36m)[0m [32mGET[0m [34m/ping[0m [33mapplication/json[0m    
[2m2022-11-07T14:08:57.715284Z[0m [32m INFO[0m [2mrocket::launch_[0m[2m:[0m [36m([0m[37mhandle_new_stacks_block[0m[36m)[0m [32mPOST[0m [34m/new_block[0m [33mapplication/json[0m    
[2m2022-11-07T14:08:57.715343Z[0m [32m INFO[0m [2mrocket::launch_[0m[2m:[0m [36m([0m[37mhandle_new_bitcoin_block[0m[36m)[0m [32mPOST[0m [34m/new_burn_block[0m [33mapplication/json[0m    
[2m2022-11-07T14:08:57.715401Z[0m [32m INFO[0m [2mrocket::launch_[0m[2m:[0m [36m([0m[37mhandle_new_mempool_tx[0m[36m)[0m [32mPOST[0m [34m/new_mempool_tx[0m [33mapplication/json[0m    
[2m2022-11-07T14:08:57.715481Z[0m [32m INFO[0m [2mrocket::launch_[0m[2m:[0m [36m([0m[37mhandle_new_microblocks[0m[36m)[0m [32mPOST[0m [34m/new_microblocks[0m [33mapplication/json[0m    
[2m2022-11-07T14:08:57.715492Z[0m [32m INFO[0m [2mrocket::launch_[0m[2m:[0m [36m([0m[37mhandle_drop_mempool_tx[0m[36m)[0m [32mPOST[0m [34m/drop_mempool_tx[0m [33mapplication/json[0m    
[2m2022-11-07T14:08:57.715494Z[0m [32m INFO[0m [2mrocket::launch_[0m[2m:[0m [36m([0m[37mhandle_new_attachement[0m[36m)[0m [32mPOST[0m [34m/attachments/new[0m [33mapplication/json[0m    
[2m2022-11-07T14:08:57.715499Z[0m [32m INFO[0m [2mrocket::launch[0m[2m:[0m 📡 [35mFairings[0m:    
[2m2022-11-07T14:08:57.715500Z[0m [32m INFO[0m [2mrocket::launch_[0m[2m:[0m [1;49;39mShield[0m ([1;34mliftoff, response, singleton[0m)    
[2m2022-11-07T14:08:57.715563Z[0m [32m INFO[0m [2mrocket::shield::shield[0m[2m:[0m 🛡️ [35mShield[0m:    
[2m2022-11-07T14:08:57.715565Z[0m [32m INFO[0m [2m_[0m[2m:[0m X-Content-Type-Options: [49;39mnosniff[0m    
[2m2022-11-07T14:08:57.715567Z[0m [32m INFO[0m [2m_[0m[2m:[0m X-Frame-Options: [49;39mSAMEORIGIN[0m    
[2m2022-11-07T14:08:57.715568Z[0m [32m INFO[0m [2m_[0m[2m:[0m Permissions-Policy: [49;39minterest-cohort=()[0m    
[2m2022-11-07T14:08:57.715575Z[0m [32m INFO[0m [2mrocket::launch[0m[2m:[0m 🚀 [1;49;39mRocket has launched from[0m [1;4;49;39mhttp://0.0.0.0:20445[0m    
[2m2022-11-07T14:08:57.723582Z[0m [32m INFO[0m [2mrocket::launch[0m[2m:[0m 🔧 Configured for release.    
[2m2022-11-07T14:08:57.723686Z[0m [32m INFO[0m [2mrocket::launch_[0m[2m:[0m address: [1;49;39m0.0.0.0[0m    
[2m2022-11-07T14:08:57.723741Z[0m [32m INFO[0m [2mrocket::launch_[0m[2m:[0m port: [1;49;39m20446[0m    
[2m2022-11-07T14:08:57.723791Z[0m [32m INFO[0m [2mrocket::launch_[0m[2m:[0m workers: [1;49;39m1[0m    
[2m2022-11-07T14:08:57.723840Z[0m [32m INFO[0m [2mrocket::launch_[0m[2m:[0m ident: [1;49;39mRocket[0m    
[2m2022-11-07T14:08:57.723889Z[0m [32m INFO[0m [2mrocket::launch_[0m[2m:[0m limits: [1;49;39mbytes = 8KiB, data-form = 2MiB, file = 1MiB, form = 32KiB, json = 1MiB, msgpack = 1MiB, string = 8KiB[0m    
[2m2022-11-07T14:08:57.723942Z[0m [32m INFO[0m [2mrocket::launch_[0m[2m:[0m temp dir: [1;49;39m/tmp[0m    
[2m2022-11-07T14:08:57.723992Z[0m [32m INFO[0m [2mrocket::launch_[0m[2m:[0m http/2: [1;49;39mtrue[0m    
[2m2022-11-07T14:08:57.724041Z[0m [32m INFO[0m [2mrocket::launch_[0m[2m:[0m keep-alive: [1;49;39m5[0m[1;49;39ms[0m    
[2m2022-11-07T14:08:57.724090Z[0m [32m INFO[0m [2mrocket::launch_[0m[2m:[0m tls: [1;49;39mdisabled[0m    
[2m2022-11-07T14:08:57.724139Z[0m [32m INFO[0m [2mrocket::launch_[0m[2m:[0m shutdown: [1;49;39mctrlc = true, force = true, signals = [SIGTERM], grace = 2s, mercy = 3s[0m    
[2m2022-11-07T14:08:57.724188Z[0m [32m INFO[0m [2mrocket::launch_[0m[2m:[0m log level: [1;49;39mcritical[0m    
[2m2022-11-07T14:08:57.724239Z[0m [32m INFO[0m [2mrocket::launch_[0m[2m:[0m cli colors: [1;49;39mtrue[0m    
[2m2022-11-07T14:08:57.724302Z[0m [32m INFO[0m [2mrocket::launch[0m[2m:[0m 📬 [35mRoutes[0m:    
[2m2022-11-07T14:08:57.724364Z[0m [32m INFO[0m [2mrocket::launch_[0m[2m:[0m [36m([0m[37mhandle_ping[0m[36m)[0m [32mGET[0m [34m/ping[0m [33mapplication/json[0m    
[2m2022-11-07T14:08:57.724417Z[0m [32m INFO[0m [2mrocket::launch_[0m[2m:[0m [32mGET[0m [34m/openapi.json[0m    
[2m2022-11-07T14:08:57.724466Z[0m [32m INFO[0m [2mrocket::launch_[0m[2m:[0m [36m([0m[37mhandle_get_hooks[0m[36m)[0m [32mGET[0m [34m/v1/chainhooks[0m [33mapplication/json[0m    
[2m2022-11-07T14:08:57.724516Z[0m [32m INFO[0m [2mrocket::launch_[0m[2m:[0m [36m([0m[37mhandle_create_hook[0m[36m)[0m [32mPOST[0m [34m/v1/chainhooks[0m [33mapplication/json[0m    
[2m2022-11-07T14:08:57.724566Z[0m [32m INFO[0m [2mrocket::launch_[0m[2m:[0m [36m([0m[37mhandle_delete_stacks_hook[0m[36m)[0m [32mDELETE[0m [34m/v1/chainhooks/stacks/<hook_uuid>[0m [33mapplication/json[0m    
[2m2022-11-07T14:08:57.724615Z[0m [32m INFO[0m [2mrocket::launch_[0m[2m:[0m [36m([0m[37mhandle_delete_bitcoin_hook[0m[36m)[0m [32mDELETE[0m [34m/v1/chainhooks/bitcoin/<hook_uuid>[0m [33mapplication/json[0m    
[2m2022-11-07T14:08:57.724667Z[0m [32m INFO[0m [2mrocket::launch[0m[2m:[0m 📡 [35mFairings[0m:    
[2m2022-11-07T14:08:57.724726Z[0m [32m INFO[0m [2mrocket::launch_[0m[2m:[0m [1;49;39mShield[0m ([1;34mliftoff, response, singleton[0m)    
[2m2022-11-07T14:08:57.724848Z[0m [32m INFO[0m [2mrocket::shield::shield[0m[2m:[0m 🛡️ [35mShield[0m:    
[2m2022-11-07T14:08:57.724904Z[0m [32m INFO[0m [2m_[0m[2m:[0m X-Content-Type-Options: [49;39mnosniff[0m    
[2m2022-11-07T14:08:57.724953Z[0m [32m INFO[0m [2m_[0m[2m:[0m Permissions-Policy: [49;39minterest-cohort=()[0m    
[2m2022-11-07T14:08:57.725002Z[0m [32m INFO[0m [2m_[0m[2m:[0m X-Frame-Options: [49;39mSAMEORIGIN[0m    
[2m2022-11-07T14:08:57.725053Z[0m [32m INFO[0m [2mrocket::launch[0m[2m:[0m 🚀 [1;49;39mRocket has launched from[0m [1;4;49;39mhttp://0.0.0.0:20446[0m    
[2m2022-11-07T14:08:58.662472Z[0m [32m INFO[0m [2mstacks_network::ui::app[0m[2m:[0m Initiating Devnet boot sequence (working_dir: /home/david/src/nft-paper/contracts/.cache/stacks-devnet-1667830136)
[2m2022-11-07T14:08:58.666087Z[0m [32m INFO[0m [2mstacks_network::ui::app[0m[2m:[0m Creating network das-on-stacks-contracts.devnet
[2m2022-11-07T14:08:58.740977Z[0m [32m INFO[0m [2mstacks_network::ui::app[0m[2m:[0m Starting bitcoin-node
[2m2022-11-07T14:09:00.853917Z[0m [32m INFO[0m [2mstacks_network::orchestrator[0m[2m:[0m Created container bitcoin-node: e1cceee31359ad367934e2ebe3b45444b0e9202b5358f9d8ea29c7e353c58431
[2m2022-11-07T14:09:01.414382Z[0m [32m INFO[0m [2mstacks_network::ui::app[0m[2m:[0m Configuring bitcoin-node
[2m2022-11-07T14:09:02.515001Z[0m [32m INFO[0m [2mstacks_network::ui::app[0m[2m:[0m Starting postgres
[2m2022-11-07T14:09:05.065406Z[0m [32m INFO[0m [2mstacks_network::orchestrator[0m[2m:[0m Created container postgres: 5fdbb5228198dd11a60e0f7d4f3b6aaa11f47c435ae0a0f16ac22406082ddfd6
[2m2022-11-07T14:09:05.573472Z[0m [32m INFO[0m [2mstacks_network::ui::app[0m[2m:[0m Starting stacks-api
[2m2022-11-07T14:09:47.249237Z[0m [33m WARN[0m [2mstacks_network::ui::app[0m[2m:[0m Ctrl+C received, initiating termination sequence.
[2m2022-11-07T14:09:47.249323Z[0m [32m INFO[0m [2mchainhook_event_observer::observer[0m[2m:[0m Handling Termination command    
[2m2022-11-07T14:09:53.713936Z[0m [33m WARN[0m [2mrocket::server[0m[2m:[0m Received SIGINT. Requesting shutdown.    
[2m2022-11-07T14:09:53.713975Z[0m [33m WARN[0m [2mrocket::server[0m[2m:[0m Received SIGINT. Requesting shutdown.    
[2m2022-11-07T14:09:53.713988Z[0m [32m INFO[0m [2mrocket::server[0m[2m:[0m Shutdown requested. Waiting for pending I/O...    
[2m2022-11-07T14:09:53.714011Z[0m [32m INFO[0m [2mrocket::server[0m[2m:[0m Graceful shutdown completed successfully.    
[2m2022-11-07T14:09:53.714036Z[0m [32m INFO[0m [2mrocket::server[0m[2m:[0m Shutdown requested. Waiting for pending I/O...    
[2m2022-11-07T14:09:53.714044Z[0m [32m INFO[0m [2mrocket::server[0m[2m:[0m Graceful shutdown completed successfully.    
